<?xml version="1.0" encoding="utf-8"?><testsuites><testsuite name="pytest" errors="1" failures="0" skipped="0" tests="1" time="0.717" timestamp="2023-04-08T23:32:40.978562" hostname="LAPTOP-2JUVFNRV"><testcase classname="" name="test_homepage" time="0.000"><error message="collection failure">ImportError while importing test module 'C:\Users\srika\PycharmProjects\PythonSeleniumFramework\tests\test_homepage.py'.
Hint: make sure your test modules/packages have valid Python names.
Traceback:
..\..\..\AppData\Local\Programs\Python\Python39\lib\importlib\__init__.py:127: in import_module
    return _bootstrap._gcd_import(name[level:], package, level)
test_homepage.py:8: in &lt;module&gt;
    from testData.homePageData import HomePageData
..\testData\homePageData.py:1: in &lt;module&gt;
    import openpyxl
E   ModuleNotFoundError: No module named 'openpyxl'</error></testcase></testsuite></testsuites>